[  6%] [32mBuilding CXX object CMakeFiles/obstacle_detector_3d.dir/src/obstacle_detector_3d.cpp.o[0m
[ 12%] [32mBuilding CXX object CMakeFiles/path_follower.dir/src/path_follower.cpp.o[0m
[ 25%] Built target a_star_planner
[ 37%] Built target map_loader_node
[ 50%] Built target lidar_listener
[ 62%] Built target dynamic_3d_map_manager
[ 75%] Built target costmap_2d_from_3d
[ 87%] Built target map_accumulator_3d
[01m[K/root/ros2_ws/vs/src/my_robot_controller/src/obstacle_detector_3d.cpp:4:10:[m[K [01;31m[Kfatal error: [m[Kpcl_conversions/pcl_conversions.h: No such file or directory
    4 | #include [01;31m[K<pcl_conversions/pcl_conversions.h>[m[K
      |          [01;31m[K^~~~~~~~~~~~~~~~~~~~~~~~~~~~~~~~~~~[m[K
compilation terminated.
gmake[2]: *** [CMakeFiles/obstacle_detector_3d.dir/build.make:76: CMakeFiles/obstacle_detector_3d.dir/src/obstacle_detector_3d.cpp.o] Error 1
gmake[1]: *** [CMakeFiles/Makefile2:307: CMakeFiles/obstacle_detector_3d.dir/all] Error 2
gmake[1]: *** Waiting for unfinished jobs....
[ 93%] [32m[1mLinking CXX executable path_follower[0m
[ 93%] Built target path_follower
gmake: *** [Makefile:146: all] Error 2
