[0.017s] Invoking command in '/root/ros2_ws/vs/build/my_robot_controller': CMAKE_PREFIX_PATH=${CMAKE_PREFIX_PATH}:/opt/ros/humble /usr/bin/cmake --build /root/ros2_ws/vs/build/my_robot_controller -- -j8 -l8
[0.083s] [  6%] [32mBuilding CXX object CMakeFiles/obstacle_detector_3d.dir/src/obstacle_detector_3d.cpp.o[0m
[0.093s] [ 12%] [32mBuilding CXX object CMakeFiles/path_follower.dir/src/path_follower.cpp.o[0m
[0.105s] [ 25%] Built target a_star_planner
[0.106s] [ 37%] Built target map_loader_node
[0.106s] [ 50%] Built target lidar_listener
[0.108s] [ 62%] Built target dynamic_3d_map_manager
[0.108s] [ 75%] Built target costmap_2d_from_3d
[0.113s] [ 87%] Built target map_accumulator_3d
[0.308s] [01m[K/root/ros2_ws/vs/src/my_robot_controller/src/obstacle_detector_3d.cpp:4:10:[m[K [01;31m[Kfatal error: [m[Kpcl_conversions/pcl_conversions.h: No such file or directory
[0.308s]     4 | #include [01;31m[K<pcl_conversions/pcl_conversions.h>[m[K
[0.308s]       |          [01;31m[K^~~~~~~~~~~~~~~~~~~~~~~~~~~~~~~~~~~[m[K
[0.309s] compilation terminated.
[0.316s] gmake[2]: *** [CMakeFiles/obstacle_detector_3d.dir/build.make:76: CMakeFiles/obstacle_detector_3d.dir/src/obstacle_detector_3d.cpp.o] Error 1
[0.316s] gmake[1]: *** [CMakeFiles/Makefile2:307: CMakeFiles/obstacle_detector_3d.dir/all] Error 2
[0.316s] gmake[1]: *** Waiting for unfinished jobs....
[8.366s] [ 93%] [32m[1mLinking CXX executable path_follower[0m
[8.842s] [ 93%] Built target path_follower
[8.843s] gmake: *** [Makefile:146: all] Error 2
[8.845s] Invoked command in '/root/ros2_ws/vs/build/my_robot_controller' returned '2': CMAKE_PREFIX_PATH=${CMAKE_PREFIX_PATH}:/opt/ros/humble /usr/bin/cmake --build /root/ros2_ws/vs/build/my_robot_controller -- -j8 -l8
