[35m[1mConsolidate compiler generated dependencies of target map_accumulator_3d[0m
[ 12%] Built target obstacle_detector_3d
[ 25%] Built target lidar_listener
[ 37%] Built target a_star_planner
[ 50%] Built target path_follower
[ 62%] Built target costmap_2d_from_3d
[ 75%] Built target map_loader_node
[ 81%] [32mBuilding CXX object CMakeFiles/dynamic_3d_map_manager.dir/src/dynamic_3d_map_manager.cpp.o[0m
[ 93%] Built target map_accumulator_3d
[01m[K/root/ros2_ws/vs/src/my_robot_controller/src/dynamic_3d_map_manager.cpp:7:10:[m[K [01;31m[Kfatal error: [m[Kstd_srvs/srv/trigger.hpp: No such file or directory
    7 | #include [01;31m[K<std_srvs/srv/trigger.hpp>[m[K // Standard "Do it!" service
      |          [01;31m[K^~~~~~~~~~~~~~~~~~~~~~~~~~[m[K
compilation terminated.
gmake[2]: *** [CMakeFiles/dynamic_3d_map_manager.dir/build.make:76: CMakeFiles/dynamic_3d_map_manager.dir/src/dynamic_3d_map_manager.cpp.o] Error 1
gmake[1]: *** [CMakeFiles/Makefile2:177: CMakeFiles/dynamic_3d_map_manager.dir/all] Error 2
gmake: *** [Makefile:146: all] Error 2
