[01m[K/root/ros2_ws/vs/src/my_robot_controller/src/map_accumulator_3d.cpp:6:10:[m[K [01;31m[Kfatal error: [m[Kstd_srvs/srv/trigger.hpp: No such file or directory
    6 | #include [01;31m[K"std_srvs/srv/trigger.hpp"[m[K // For the save service
      |          [01;31m[K^~~~~~~~~~~~~~~~~~~~~~~~~~[m[K
compilation terminated.
gmake[2]: *** [CMakeFiles/map_accumulator_3d.dir/build.make:76: CMakeFiles/map_accumulator_3d.dir/src/map_accumulator_3d.cpp.o] Error 1
gmake[1]: *** [CMakeFiles/Makefile2:139: CMakeFiles/map_accumulator_3d.dir/all] Error 2
gmake[1]: *** Waiting for unfinished jobs....
[01m[K/root/ros2_ws/vs/src/my_robot_controller/src/obstacle_detector_3d.cpp:[m[K In member function â€˜[01m[Kvoid EmergencyBrake3D::pc_callback(sensor_msgs::msg::PointCloud2_<std::allocator<void> >::SharedPtr)[m[Kâ€™:
[01m[K/root/ros2_ws/vs/src/my_robot_controller/src/obstacle_detector_3d.cpp:21:15:[m[K [01;35m[Kwarning: [m[Kunused variable â€˜[01m[Kmin_dist[m[Kâ€™ [[01;35m[K-Wunused-variable[m[K]
   21 |         float [01;35m[Kmin_dist[m[K = 100.0;
      |               [01;35m[K^~~~~~~~[m[K
gmake: *** [Makefile:146: all] Error 2
